<?xml version="1.0" encoding="UTF-8"?>
<!-- Generated by org.testng.reporters.JUnitReportReporter -->
<testsuite hostname="LTPCHE102448530" failures="0" tests="1" name="com.fitea.restcall.PostMethod" time="2.270" errors="0" timestamp="2024-03-13T10:08:49 IST" skipped="0">
  <testcase classname="com.fitea.restcall.PostMethod" name="postRequest" time="2.270"/>
</testsuite> <!-- com.fitea.restcall.PostMethod -->
