<?xml version="1.0" encoding="UTF-8"?>
<!-- Generated by org.testng.reporters.JUnitReportReporter -->
<testsuite hostname="LTPCHE102448530" failures="0" tests="1" name="com.pojo.PostWithPojo" time="3.879" errors="0" timestamp="2024-03-14T09:46:00 IST" skipped="0">
  <testcase classname="com.pojo.PostWithPojo" name="postRequest" time="3.879"/>
</testsuite> <!-- com.pojo.PostWithPojo -->
