<?xml version="1.0" encoding="UTF-8"?>
<!-- Generated by org.testng.reporters.JUnitReportReporter -->
<testsuite hostname="LTPCHE102448530" failures="0" tests="1" name="GetMethod" time="3.809" errors="0" timestamp="2024-03-12T08:19:37 IST" skipped="0">
  <testcase classname="GetMethod" name="getRequest" time="3.809"/>
</testsuite> <!-- GetMethod -->
